This is pdfTeX, Version 3.141592653-2.6-1.40.26 (TeX Live 2024/nixos.org) (preloaded format=pdflatex 1980.1.1)  5 APR 2025 15:04
entering extended mode
 restricted \write18 enabled.
 file:line:error style messages enabled.
 %&-line parsing enabled.
**"/home/notroot/Documents/Code/Uni/Projeto-SGE-PGP-GPN-/Entrega Final/Implanta√ß√£o/main.tex"
(/home/notroot/Documents/Code/Uni/Projeto-SGE-PGP-GPN-/Entrega Final/Implanta√ß√£o/main.tex
LaTeX2e <2024-11-01> patch level 2
L3 programming layer <2025-01-18>
(/nix/store/lavaqw85ixs41sv6hv8qfzksj8n12r3w-texlive-combined-full-2024-final-texmfdist/tex/latex/base/article.cls
Document Class: article 2024/06/29 v1.4n Standard LaTeX document class
(/nix/store/lavaqw85ixs41sv6hv8qfzksj8n12r3w-texlive-combined-full-2024-final-texmfdist/tex/latex/base/size12.clo
File: size12.clo 2024/06/29 v1.4n Standard LaTeX file (size option)
)
\c@part=\count196
\c@section=\count197
\c@subsection=\count198
\c@subsubsection=\count199
\c@paragraph=\count266
\c@subparagraph=\count267
\c@figure=\count268
\c@table=\count269
\abovecaptionskip=\skip49
\belowcaptionskip=\skip50
\bibindent=\dimen141
) (/nix/store/lavaqw85ixs41sv6hv8qfzksj8n12r3w-texlive-combined-full-2024-final-texmfdist/tex/latex/base/inputenc.sty
Package: inputenc 2024/02/08 v1.3d Input encoding file
\inpenc@prehook=\toks17
\inpenc@posthook=\toks18
) (/nix/store/lavaqw85ixs41sv6hv8qfzksj8n12r3w-texlive-combined-full-2024-final-texmfdist/tex/latex/base/fontenc.sty
Package: fontenc 2021/04/29 v2.0v Standard LaTeX package
) (/nix/store/lavaqw85ixs41sv6hv8qfzksj8n12r3w-texlive-combined-full-2024-final-texmfdist/tex/latex/graphics/graphicx.sty
Package: graphicx 2021/09/16 v1.2d Enhanced LaTeX Graphics (DPC,SPQR)
 (/nix/store/lavaqw85ixs41sv6hv8qfzksj8n12r3w-texlive-combined-full-2024-final-texmfdist/tex/latex/graphics/keyval.sty
Package: keyval 2022/05/29 v1.15 key=value parser (DPC)
\KV@toks@=\toks19
) (/nix/store/lavaqw85ixs41sv6hv8qfzksj8n12r3w-texlive-combined-full-2024-final-texmfdist/tex/latex/graphics/graphics.sty
Package: graphics 2024/08/06 v1.4g Standard LaTeX Graphics (DPC,SPQR)
 (/nix/store/lavaqw85ixs41sv6hv8qfzksj8n12r3w-texlive-combined-full-2024-final-texmfdist/tex/latex/graphics/trig.sty
Package: trig 2023/12/02 v1.11 sin cos tan (DPC)
) (/nix/store/lavaqw85ixs41sv6hv8qfzksj8n12r3w-texlive-combined-full-2024-final-texmfdist/tex/latex/graphics-cfg/graphics.cfg
File: graphics.cfg 2016/06/04 v1.11 sample graphics configuration
)
Package graphics Info: Driver file: pdftex.def on input line 106.
 (/nix/store/lavaqw85ixs41sv6hv8qfzksj8n12r3w-texlive-combined-full-2024-final-texmfdist/tex/latex/graphics-def/pdftex.def
File: pdftex.def 2024/04/13 v1.2c Graphics/color driver for pdftex
))
\Gin@req@height=\dimen142
\Gin@req@width=\dimen143
) (/nix/store/lavaqw85ixs41sv6hv8qfzksj8n12r3w-texlive-combined-full-2024-final-texmfdist/tex/latex/xcolor/xcolor.sty
Package: xcolor 2024/09/29 v3.02 LaTeX color extensions (UK)
 (/nix/store/lavaqw85ixs41sv6hv8qfzksj8n12r3w-texlive-combined-full-2024-final-texmfdist/tex/latex/graphics-cfg/color.cfg
File: color.cfg 2016/01/02 v1.6 sample color configuration
)
Package xcolor Info: Driver file: pdftex.def on input line 274.
 (/nix/store/lavaqw85ixs41sv6hv8qfzksj8n12r3w-texlive-combined-full-2024-final-texmfdist/tex/latex/graphics/mathcolor.ltx)
Package xcolor Info: Model `cmy' substituted by `cmy0' on input line 1349.
Package xcolor Info: Model `hsb' substituted by `rgb' on input line 1353.
Package xcolor Info: Model `RGB' extended on input line 1365.
Package xcolor Info: Model `HTML' substituted by `rgb' on input line 1367.
Package xcolor Info: Model `Hsb' substituted by `hsb' on input line 1368.
Package xcolor Info: Model `tHsb' substituted by `hsb' on input line 1369.
Package xcolor Info: Model `HSB' substituted by `hsb' on input line 1370.
Package xcolor Info: Model `Gray' substituted by `gray' on input line 1371.
Package xcolor Info: Model `wave' substituted by `hsb' on input line 1372.
) (/nix/store/lavaqw85ixs41sv6hv8qfzksj8n12r3w-texlive-combined-full-2024-final-texmfdist/tex/latex/colortbl/colortbl.sty
Package: colortbl 2024/07/06 v1.0i Color table columns (DPC)
 (/nix/store/lavaqw85ixs41sv6hv8qfzksj8n12r3w-texlive-combined-full-2024-final-texmfdist/tex/latex/tools/array.sty
Package: array 2024/10/17 v2.6g Tabular extension package (FMi)
\col@sep=\dimen144
\ar@mcellbox=\box52
\extrarowheight=\dimen145
\NC@list=\toks20
\extratabsurround=\skip51
\backup@length=\skip52
\ar@cellbox=\box53
)
\everycr=\toks21
\minrowclearance=\skip53
\rownum=\count270
) (/nix/store/lavaqw85ixs41sv6hv8qfzksj8n12r3w-texlive-combined-full-2024-final-texmfdist/tex/latex/graphics/dvipsnam.def
File: dvipsnam.def 2016/06/17 v3.0m Driver-dependent file (DPC,SPQR)
) (/nix/store/lavaqw85ixs41sv6hv8qfzksj8n12r3w-texlive-combined-full-2024-final-texmfdist/tex/latex/hyperref/hyperref.sty
Package: hyperref 2024-11-05 v7.01l Hypertext links for LaTeX
 (/nix/store/lavaqw85ixs41sv6hv8qfzksj8n12r3w-texlive-combined-full-2024-final-texmfdist/tex/generic/iftex/iftex.sty
Package: iftex 2024/12/12 v1.0g TeX engine tests
) (/nix/store/lavaqw85ixs41sv6hv8qfzksj8n12r3w-texlive-combined-full-2024-final-texmfdist/tex/latex/kvsetkeys/kvsetkeys.sty
Package: kvsetkeys 2022-10-05 v1.19 Key value parser (HO)
) (/nix/store/lavaqw85ixs41sv6hv8qfzksj8n12r3w-texlive-combined-full-2024-final-texmfdist/tex/generic/kvdefinekeys/kvdefinekeys.sty
Package: kvdefinekeys 2019-12-19 v1.6 Define keys (HO)
) (/nix/store/lavaqw85ixs41sv6hv8qfzksj8n12r3w-texlive-combined-full-2024-final-texmfdist/tex/generic/pdfescape/pdfescape.sty
Package: pdfescape 2019/12/09 v1.15 Implements pdfTeX's escape features (HO)
 (/nix/store/lavaqw85ixs41sv6hv8qfzksj8n12r3w-texlive-combined-full-2024-final-texmfdist/tex/generic/ltxcmds/ltxcmds.sty
Package: ltxcmds 2023-12-04 v1.26 LaTeX kernel commands for general use (HO)
) (/nix/store/lavaqw85ixs41sv6hv8qfzksj8n12r3w-texlive-combined-full-2024-final-texmfdist/tex/generic/pdftexcmds/pdftexcmds.sty
Package: pdftexcmds 2020-06-27 v0.33 Utility functions of pdfTeX for LuaTeX (HO)
 (/nix/store/lavaqw85ixs41sv6hv8qfzksj8n12r3w-texlive-combined-full-2024-final-texmfdist/tex/generic/infwarerr/infwarerr.sty
Package: infwarerr 2019/12/03 v1.5 Providing info/warning/error messages (HO)
)
Package pdftexcmds Info: \pdf@primitive is available.
Package pdftexcmds Info: \pdf@ifprimitive is available.
Package pdftexcmds Info: \pdfdraftmode found.
)) (/nix/store/lavaqw85ixs41sv6hv8qfzksj8n12r3w-texlive-combined-full-2024-final-texmfdist/tex/latex/hycolor/hycolor.sty
Package: hycolor 2020-01-27 v1.10 Color options for hyperref/bookmark (HO)
) (/nix/store/lavaqw85ixs41sv6hv8qfzksj8n12r3w-texlive-combined-full-2024-final-texmfdist/tex/latex/hyperref/nameref.sty
Package: nameref 2023-11-26 v2.56 Cross-referencing by name of section
 (/nix/store/lavaqw85ixs41sv6hv8qfzksj8n12r3w-texlive-combined-full-2024-final-texmfdist/tex/latex/refcount/refcount.sty
Package: refcount 2019/12/15 v3.6 Data extraction from label references (HO)
) (/nix/store/lavaqw85ixs41sv6hv8qfzksj8n12r3w-texlive-combined-full-2024-final-texmfdist/tex/generic/gettitlestring/gettitlestring.sty
Package: gettitlestring 2019/12/15 v1.6 Cleanup title references (HO)
 (/nix/store/lavaqw85ixs41sv6hv8qfzksj8n12r3w-texlive-combined-full-2024-final-texmfdist/tex/latex/kvoptions/kvoptions.sty
Package: kvoptions 2022-06-15 v3.15 Key value format for package options (HO)
))
\c@section@level=\count271
) (/nix/store/lavaqw85ixs41sv6hv8qfzksj8n12r3w-texlive-combined-full-2024-final-texmfdist/tex/latex/etoolbox/etoolbox.sty
Package: etoolbox 2025/02/11 v2.5l e-TeX tools for LaTeX (JAW)
\etb@tempcnta=\count272
) (/nix/store/lavaqw85ixs41sv6hv8qfzksj8n12r3w-texlive-combined-full-2024-final-texmfdist/tex/generic/stringenc/stringenc.sty
Package: stringenc 2019/11/29 v1.12 Convert strings between diff. encodings (HO)
)
\@linkdim=\dimen146
\Hy@linkcounter=\count273
\Hy@pagecounter=\count274
 (/nix/store/lavaqw85ixs41sv6hv8qfzksj8n12r3w-texlive-combined-full-2024-final-texmfdist/tex/latex/hyperref/pd1enc.def
File: pd1enc.def 2024-11-05 v7.01l Hyperref: PDFDocEncoding definition (HO)
Now handling font encoding PD1 ...
... no UTF-8 mapping file for font encoding PD1
) (/nix/store/lavaqw85ixs41sv6hv8qfzksj8n12r3w-texlive-combined-full-2024-final-texmfdist/tex/generic/intcalc/intcalc.sty
Package: intcalc 2019/12/15 v1.3 Expandable calculations with integers (HO)
)
\Hy@SavedSpaceFactor=\count275
 (/nix/store/lavaqw85ixs41sv6hv8qfzksj8n12r3w-texlive-combined-full-2024-final-texmfdist/tex/latex/hyperref/puenc.def
File: puenc.def 2024-11-05 v7.01l Hyperref: PDF Unicode definition (HO)
Now handling font encoding PU ...
... no UTF-8 mapping file for font encoding PU
)
Package hyperref Info: Hyper figures OFF on input line 4157.
Package hyperref Info: Link nesting OFF on input line 4162.
Package hyperref Info: Hyper index ON on input line 4165.
Package hyperref Info: Plain pages OFF on input line 4172.
Package hyperref Info: Backreferencing OFF on input line 4177.
Package hyperref Info: Implicit mode ON; LaTeX internals redefined.
Package hyperref Info: Bookmarks ON on input line 4424.
\c@Hy@tempcnt=\count276
 (/nix/store/lavaqw85ixs41sv6hv8qfzksj8n12r3w-texlive-combined-full-2024-final-texmfdist/tex/latex/url/url.sty
\Urlmuskip=\muskip17
Package: url 2013/09/16  ver 3.4  Verb mode for urls, etc.
)
LaTeX Info: Redefining \url on input line 4763.
\XeTeXLinkMargin=\dimen147
 (/nix/store/lavaqw85ixs41sv6hv8qfzksj8n12r3w-texlive-combined-full-2024-final-texmfdist/tex/generic/bitset/bitset.sty
Package: bitset 2019/12/09 v1.3 Handle bit-vector datatype (HO)
 (/nix/store/lavaqw85ixs41sv6hv8qfzksj8n12r3w-texlive-combined-full-2024-final-texmfdist/tex/generic/bigintcalc/bigintcalc.sty
Package: bigintcalc 2019/12/15 v1.5 Expandable calculations on big integers (HO)
))
\Fld@menulength=\count277
\Field@Width=\dimen148
\Fld@charsize=\dimen149
Package hyperref Info: Hyper figures OFF on input line 6042.
Package hyperref Info: Link nesting OFF on input line 6047.
Package hyperref Info: Hyper index ON on input line 6050.
Package hyperref Info: backreferencing OFF on input line 6057.
Package hyperref Info: Link coloring OFF on input line 6062.
Package hyperref Info: Link coloring with OCG OFF on input line 6067.
Package hyperref Info: PDF/A mode OFF on input line 6072.
 (/nix/store/lavaqw85ixs41sv6hv8qfzksj8n12r3w-texlive-combined-full-2024-final-texmfdist/tex/latex/base/atbegshi-ltx.sty
Package: atbegshi-ltx 2021/01/10 v1.0c Emulation of the original atbegshi
package with kernel methods
)
\Hy@abspage=\count278
\c@Item=\count279
\c@Hfootnote=\count280
)
Package hyperref Info: Driver (autodetected): hpdftex.
 (/nix/store/lavaqw85ixs41sv6hv8qfzksj8n12r3w-texlive-combined-full-2024-final-texmfdist/tex/latex/hyperref/hpdftex.def
File: hpdftex.def 2024-11-05 v7.01l Hyperref driver for pdfTeX
 (/nix/store/lavaqw85ixs41sv6hv8qfzksj8n12r3w-texlive-combined-full-2024-final-texmfdist/tex/latex/base/atveryend-ltx.sty
Package: atveryend-ltx 2020/08/19 v1.0a Emulation of the original atveryend package
with kernel methods
)
\Fld@listcount=\count281
\c@bookmark@seq@number=\count282
 (/nix/store/lavaqw85ixs41sv6hv8qfzksj8n12r3w-texlive-combined-full-2024-final-texmfdist/tex/latex/rerunfilecheck/rerunfilecheck.sty
Package: rerunfilecheck 2022-07-10 v1.10 Rerun checks for auxiliary files (HO)
 (/nix/store/lavaqw85ixs41sv6hv8qfzksj8n12r3w-texlive-combined-full-2024-final-texmfdist/tex/generic/uniquecounter/uniquecounter.sty
Package: uniquecounter 2019/12/15 v1.4 Provide unlimited unique counter (HO)
)
Package uniquecounter Info: New unique counter `rerunfilecheck' on input line 285.
)
\Hy@SectionHShift=\skip54
) (/nix/store/lavaqw85ixs41sv6hv8qfzksj8n12r3w-texlive-combined-full-2024-final-texmfdist/tex/latex/enumitem/enumitem.sty
Package: enumitem 2025/02/06 v3.11 Customized lists
\labelindent=\skip55
\enit@outerparindent=\dimen150
\enit@toks=\toks22
\enit@inbox=\box54
\enit@count@id=\count283
\enitdp@description=\count284
) (/nix/store/lavaqw85ixs41sv6hv8qfzksj8n12r3w-texlive-combined-full-2024-final-texmfdist/tex/latex/titlesec/titlesec.sty
Package: titlesec 2025/01/04 v2.17 Sectioning titles
\ttl@box=\box55
\beforetitleunit=\skip56
\aftertitleunit=\skip57
\ttl@plus=\dimen151
\ttl@minus=\dimen152
\ttl@toksa=\toks23
\titlewidth=\dimen153
\titlewidthlast=\dimen154
\titlewidthfirst=\dimen155
) (/nix/store/lavaqw85ixs41sv6hv8qfzksj8n12r3w-texlive-combined-full-2024-final-texmfdist/tex/latex/geometry/geometry.sty
Package: geometry 2020/01/02 v5.9 Page Geometry
 (/nix/store/lavaqw85ixs41sv6hv8qfzksj8n12r3w-texlive-combined-full-2024-final-texmfdist/tex/generic/iftex/ifvtex.sty
Package: ifvtex 2019/10/25 v1.7 ifvtex legacy package. Use iftex instead.
)
\Gm@cnth=\count285
\Gm@cntv=\count286
\c@Gm@tempcnt=\count287
\Gm@bindingoffset=\dimen156
\Gm@wd@mp=\dimen157
\Gm@odd@mp=\dimen158
\Gm@even@mp=\dimen159
\Gm@layoutwidth=\dimen160
\Gm@layoutheight=\dimen161
\Gm@layouthoffset=\dimen162
\Gm@layoutvoffset=\dimen163
\Gm@dimlist=\toks24
) (/nix/store/lavaqw85ixs41sv6hv8qfzksj8n12r3w-texlive-combined-full-2024-final-texmfdist/tex/latex/booktabs/booktabs.sty
Package: booktabs 2020/01/12 v1.61803398 Publication quality tables
\heavyrulewidth=\dimen164
\lightrulewidth=\dimen165
\cmidrulewidth=\dimen166
\belowrulesep=\dimen167
\belowbottomsep=\dimen168
\aboverulesep=\dimen169
\abovetopsep=\dimen170
\cmidrulesep=\dimen171
\cmidrulekern=\dimen172
\defaultaddspace=\dimen173
\@cmidla=\count288
\@cmidlb=\count289
\@aboverulesep=\dimen174
\@belowrulesep=\dimen175
\@thisruleclass=\count290
\@lastruleclass=\count291
\@thisrulewidth=\dimen176
) (/nix/store/lavaqw85ixs41sv6hv8qfzksj8n12r3w-texlive-combined-full-2024-final-texmfdist/tex/latex/multirow/multirow.sty
Package: multirow 2024/11/12 v2.9 Span multiple rows of a table
\multirow@colwidth=\skip58
\multirow@cntb=\count292
\multirow@dima=\skip59
\bigstrutjot=\dimen177
) (/nix/store/lavaqw85ixs41sv6hv8qfzksj8n12r3w-texlive-combined-full-2024-final-texmfdist/tex/latex/pgf/frontendlayer/tikz.sty (/nix/store/lavaqw85ixs41sv6hv8qfzksj8n12r3w-texlive-combined-full-2024-final-texmfdist/tex/latex/pgf/basiclayer/pgf.sty (/nix/store/lavaqw85ixs41sv6hv8qfzksj8n12r3w-texlive-combined-full-2024-final-texmfdist/tex/latex/pgf/utilities/pgfrcs.sty (/nix/store/lavaqw85ixs41sv6hv8qfzksj8n12r3w-texlive-combined-full-2024-final-texmfdist/tex/generic/pgf/utilities/pgfutil-common.tex
\pgfutil@everybye=\toks25
\pgfutil@tempdima=\dimen178
\pgfutil@tempdimb=\dimen179
) (/nix/store/lavaqw85ixs41sv6hv8qfzksj8n12r3w-texlive-combined-full-2024-final-texmfdist/tex/generic/pgf/utilities/pgfutil-latex.def
\pgfutil@abb=\box56
) (/nix/store/lavaqw85ixs41sv6hv8qfzksj8n12r3w-texlive-combined-full-2024-final-texmfdist/tex/generic/pgf/utilities/pgfrcs.code.tex (/nix/store/lavaqw85ixs41sv6hv8qfzksj8n12r3w-texlive-combined-full-2024-final-texmfdist/tex/generic/pgf/pgf.revision.tex)
Package: pgfrcs 2023-01-15 v3.1.10 (3.1.10)
))
Package: pgf 2023-01-15 v3.1.10 (3.1.10)
 (/nix/store/lavaqw85ixs41sv6hv8qfzksj8n12r3w-texlive-combined-full-2024-final-texmfdist/tex/latex/pgf/basiclayer/pgfcore.sty (/nix/store/lavaqw85ixs41sv6hv8qfzksj8n12r3w-texlive-combined-full-2024-final-texmfdist/tex/latex/pgf/systemlayer/pgfsys.sty (/nix/store/lavaqw85ixs41sv6hv8qfzksj8n12r3w-texlive-combined-full-2024-final-texmfdist/tex/generic/pgf/systemlayer/pgfsys.code.tex
Package: pgfsys 2023-01-15 v3.1.10 (3.1.10)
 (/nix/store/lavaqw85ixs41sv6hv8qfzksj8n12r3w-texlive-combined-full-2024-final-texmfdist/tex/generic/pgf/utilities/pgfkeys.code.tex
\pgfkeys@pathtoks=\toks26
\pgfkeys@temptoks=\toks27
 (/nix/store/lavaqw85ixs41sv6hv8qfzksj8n12r3w-texlive-combined-full-2024-final-texmfdist/tex/generic/pgf/utilities/pgfkeyslibraryfiltered.code.tex
\pgfkeys@tmptoks=\toks28
))
\pgf@x=\dimen180
\pgf@y=\dimen181
\pgf@xa=\dimen182
\pgf@ya=\dimen183
\pgf@xb=\dimen184
\pgf@yb=\dimen185
\pgf@xc=\dimen186
\pgf@yc=\dimen187
\pgf@xd=\dimen188
\pgf@yd=\dimen189
\w@pgf@writea=\write3
\r@pgf@reada=\read2
\c@pgf@counta=\count293
\c@pgf@countb=\count294
\c@pgf@countc=\count295
\c@pgf@countd=\count296
\t@pgf@toka=\toks29
\t@pgf@tokb=\toks30
\t@pgf@tokc=\toks31
\pgf@sys@id@count=\count297
 (/nix/store/lavaqw85ixs41sv6hv8qfzksj8n12r3w-texlive-combined-full-2024-final-texmfdist/tex/generic/pgf/systemlayer/pgf.cfg
File: pgf.cfg 2023-01-15 v3.1.10 (3.1.10)
)
Driver file for pgf: pgfsys-pdftex.def
 (/nix/store/lavaqw85ixs41sv6hv8qfzksj8n12r3w-texlive-combined-full-2024-final-texmfdist/tex/generic/pgf/systemlayer/pgfsys-pdftex.def
File: pgfsys-pdftex.def 2023-01-15 v3.1.10 (3.1.10)
 (/nix/store/lavaqw85ixs41sv6hv8qfzksj8n12r3w-texlive-combined-full-2024-final-texmfdist/tex/generic/pgf/systemlayer/pgfsys-common-pdf.def
File: pgfsys-common-pdf.def 2023-01-15 v3.1.10 (3.1.10)
))) (/nix/store/lavaqw85ixs41sv6hv8qfzksj8n12r3w-texlive-combined-full-2024-final-texmfdist/tex/generic/pgf/systemlayer/pgfsyssoftpath.code.tex
File: pgfsyssoftpath.code.tex 2023-01-15 v3.1.10 (3.1.10)
\pgfsyssoftpath@smallbuffer@items=\count298
\pgfsyssoftpath@bigbuffer@items=\count299
) (/nix/store/lavaqw85ixs41sv6hv8qfzksj8n12r3w-texlive-combined-full-2024-final-texmfdist/tex/generic/pgf/systemlayer/pgfsysprotocol.code.tex
File: pgfsysprotocol.code.tex 2023-01-15 v3.1.10 (3.1.10)
)) (/nix/store/lavaqw85ixs41sv6hv8qfzksj8n12r3w-texlive-combined-full-2024-final-texmfdist/tex/generic/pgf/basiclayer/pgfcore.code.tex
Package: pgfcore 2023-01-15 v3.1.10 (3.1.10)
 (/nix/store/lavaqw85ixs41sv6hv8qfzksj8n12r3w-texlive-combined-full-2024-final-texmfdist/tex/generic/pgf/math/pgfmath.code.tex (/nix/store/lavaqw85ixs41sv6hv8qfzksj8n12r3w-texlive-combined-full-2024-final-texmfdist/tex/generic/pgf/math/pgfmathutil.code.tex) (/nix/store/lavaqw85ixs41sv6hv8qfzksj8n12r3w-texlive-combined-full-2024-final-texmfdist/tex/generic/pgf/math/pgfmathparser.code.tex
\pgfmath@dimen=\dimen190
\pgfmath@count=\count300
\pgfmath@box=\box57
\pgfmath@toks=\toks32
\pgfmath@stack@operand=\toks33
\pgfmath@stack@operation=\toks34
) (/nix/store/lavaqw85ixs41sv6hv8qfzksj8n12r3w-texlive-combined-full-2024-final-texmfdist/tex/generic/pgf/math/pgfmathfunctions.code.tex) (/nix/store/lavaqw85ixs41sv6hv8qfzksj8n12r3w-texlive-combined-full-2024-final-texmfdist/tex/generic/pgf/math/pgfmathfunctions.basic.code.tex) (/nix/store/lavaqw85ixs41sv6hv8qfzksj8n12r3w-texlive-combined-full-2024-final-texmfdist/tex/generic/pgf/math/pgfmathfunctions.trigonometric.code.tex) (/nix/store/lavaqw85ixs41sv6hv8qfzksj8n12r3w-texlive-combined-full-2024-final-texmfdist/tex/generic/pgf/math/pgfmathfunctions.random.code.tex) (/nix/store/lavaqw85ixs41sv6hv8qfzksj8n12r3w-texlive-combined-full-2024-final-texmfdist/tex/generic/pgf/math/pgfmathfunctions.comparison.code.tex) (/nix/store/lavaqw85ixs41sv6hv8qfzksj8n12r3w-texlive-combined-full-2024-final-texmfdist/tex/generic/pgf/math/pgfmathfunctions.base.code.tex) (/nix/store/lavaqw85ixs41sv6hv8qfzksj8n12r3w-texlive-combined-full-2024-final-texmfdist/tex/generic/pgf/math/pgfmathfunctions.round.code.tex) (/nix/store/lavaqw85ixs41sv6hv8qfzksj8n12r3w-texlive-combined-full-2024-final-texmfdist/tex/generic/pgf/math/pgfmathfunctions.misc.code.tex) (/nix/store/lavaqw85ixs41sv6hv8qfzksj8n12r3w-texlive-combined-full-2024-final-texmfdist/tex/generic/pgf/math/pgfmathfunctions.integerarithmetics.code.tex) (/nix/store/lavaqw85ixs41sv6hv8qfzksj8n12r3w-texlive-combined-full-2024-final-texmfdist/tex/generic/pgf/math/pgfmathcalc.code.tex)
(/nix/store/lavaqw85ixs41sv6hv8qfzksj8n12r3w-texlive-combined-full-2024-final-texmfdist/tex/generic/pgf/math/pgfmathfloat.code.tex
\c@pgfmathroundto@lastzeros=\count301
)) (/nix/store/lavaqw85ixs41sv6hv8qfzksj8n12r3w-texlive-combined-full-2024-final-texmfdist/tex/generic/pgf/math/pgfint.code.tex) (/nix/store/lavaqw85ixs41sv6hv8qfzksj8n12r3w-texlive-combined-full-2024-final-texmfdist/tex/generic/pgf/basiclayer/pgfcorepoints.code.tex
File: pgfcorepoints.code.tex 2023-01-15 v3.1.10 (3.1.10)
\pgf@picminx=\dimen191
\pgf@picmaxx=\dimen192
\pgf@picminy=\dimen193
\pgf@picmaxy=\dimen194
\pgf@pathminx=\dimen195
\pgf@pathmaxx=\dimen196
\pgf@pathminy=\dimen197
\pgf@pathmaxy=\dimen198
\pgf@xx=\dimen199
\pgf@xy=\dimen256
\pgf@yx=\dimen257
\pgf@yy=\dimen258
\pgf@zx=\dimen259
\pgf@zy=\dimen260
) (/nix/store/lavaqw85ixs41sv6hv8qfzksj8n12r3w-texlive-combined-full-2024-final-texmfdist/tex/generic/pgf/basiclayer/pgfcorepathconstruct.code.tex
File: pgfcorepathconstruct.code.tex 2023-01-15 v3.1.10 (3.1.10)
\pgf@path@lastx=\dimen261
\pgf@path@lasty=\dimen262
) (/nix/store/lavaqw85ixs41sv6hv8qfzksj8n12r3w-texlive-combined-full-2024-final-texmfdist/tex/generic/pgf/basiclayer/pgfcorepathusage.code.tex
File: pgfcorepathusage.code.tex 2023-01-15 v3.1.10 (3.1.10)
\pgf@shorten@end@additional=\dimen263
\pgf@shorten@start@additional=\dimen264
) (/nix/store/lavaqw85ixs41sv6hv8qfzksj8n12r3w-texlive-combined-full-2024-final-texmfdist/tex/generic/pgf/basiclayer/pgfcorescopes.code.tex
File: pgfcorescopes.code.tex 2023-01-15 v3.1.10 (3.1.10)
\pgfpic=\box58
\pgf@hbox=\box59
\pgf@layerbox@main=\box60
\pgf@picture@serial@count=\count302
) (/nix/store/lavaqw85ixs41sv6hv8qfzksj8n12r3w-texlive-combined-full-2024-final-texmfdist/tex/generic/pgf/basiclayer/pgfcoregraphicstate.code.tex
File: pgfcoregraphicstate.code.tex 2023-01-15 v3.1.10 (3.1.10)
\pgflinewidth=\dimen265
) (/nix/store/lavaqw85ixs41sv6hv8qfzksj8n12r3w-texlive-combined-full-2024-final-texmfdist/tex/generic/pgf/basiclayer/pgfcoretransformations.code.tex
File: pgfcoretransformations.code.tex 2023-01-15 v3.1.10 (3.1.10)
\pgf@pt@x=\dimen266
\pgf@pt@y=\dimen267
\pgf@pt@temp=\dimen268
) (/nix/store/lavaqw85ixs41sv6hv8qfzksj8n12r3w-texlive-combined-full-2024-final-texmfdist/tex/generic/pgf/basiclayer/pgfcorequick.code.tex
File: pgfcorequick.code.tex 2023-01-15 v3.1.10 (3.1.10)
) (/nix/store/lavaqw85ixs41sv6hv8qfzksj8n12r3w-texlive-combined-full-2024-final-texmfdist/tex/generic/pgf/basiclayer/pgfcoreobjects.code.tex
File: pgfcoreobjects.code.tex 2023-01-15 v3.1.10 (3.1.10)
) (/nix/store/lavaqw85ixs41sv6hv8qfzksj8n12r3w-texlive-combined-full-2024-final-texmfdist/tex/generic/pgf/basiclayer/pgfcorepathprocessing.code.tex
File: pgfcorepathprocessing.code.tex 2023-01-15 v3.1.10 (3.1.10)
) (/nix/store/lavaqw85ixs41sv6hv8qfzksj8n12r3w-texlive-combined-full-2024-final-texmfdist/tex/generic/pgf/basiclayer/pgfcorearrows.code.tex
File: pgfcorearrows.code.tex 2023-01-15 v3.1.10 (3.1.10)
\pgfarrowsep=\dimen269
) (/nix/store/lavaqw85ixs41sv6hv8qfzksj8n12r3w-texlive-combined-full-2024-final-texmfdist/tex/generic/pgf/basiclayer/pgfcoreshade.code.tex
File: pgfcoreshade.code.tex 2023-01-15 v3.1.10 (3.1.10)
\pgf@max=\dimen270
\pgf@sys@shading@range@num=\count303
\pgf@shadingcount=\count304
) (/nix/store/lavaqw85ixs41sv6hv8qfzksj8n12r3w-texlive-combined-full-2024-final-texmfdist/tex/generic/pgf/basiclayer/pgfcoreimage.code.tex
File: pgfcoreimage.code.tex 2023-01-15 v3.1.10 (3.1.10)
) (/nix/store/lavaqw85ixs41sv6hv8qfzksj8n12r3w-texlive-combined-full-2024-final-texmfdist/tex/generic/pgf/basiclayer/pgfcoreexternal.code.tex
File: pgfcoreexternal.code.tex 2023-01-15 v3.1.10 (3.1.10)
\pgfexternal@startupbox=\box61
) (/nix/store/lavaqw85ixs41sv6hv8qfzksj8n12r3w-texlive-combined-full-2024-final-texmfdist/tex/generic/pgf/basiclayer/pgfcorelayers.code.tex
File: pgfcorelayers.code.tex 2023-01-15 v3.1.10 (3.1.10)
) (/nix/store/lavaqw85ixs41sv6hv8qfzksj8n12r3w-texlive-combined-full-2024-final-texmfdist/tex/generic/pgf/basiclayer/pgfcoretransparency.code.tex
File: pgfcoretransparency.code.tex 2023-01-15 v3.1.10 (3.1.10)
) (/nix/store/lavaqw85ixs41sv6hv8qfzksj8n12r3w-texlive-combined-full-2024-final-texmfdist/tex/generic/pgf/basiclayer/pgfcorepatterns.code.tex
File: pgfcorepatterns.code.tex 2023-01-15 v3.1.10 (3.1.10)
) (/nix/store/lavaqw85ixs41sv6hv8qfzksj8n12r3w-texlive-combined-full-2024-final-texmfdist/tex/generic/pgf/basiclayer/pgfcorerdf.code.tex
File: pgfcorerdf.code.tex 2023-01-15 v3.1.10 (3.1.10)
))) (/nix/store/lavaqw85ixs41sv6hv8qfzksj8n12r3w-texlive-combined-full-2024-final-texmfdist/tex/generic/pgf/modules/pgfmoduleshapes.code.tex
File: pgfmoduleshapes.code.tex 2023-01-15 v3.1.10 (3.1.10)
\pgfnodeparttextbox=\box62
) (/nix/store/lavaqw85ixs41sv6hv8qfzksj8n12r3w-texlive-combined-full-2024-final-texmfdist/tex/generic/pgf/modules/pgfmoduleplot.code.tex
File: pgfmoduleplot.code.tex 2023-01-15 v3.1.10 (3.1.10)
) (/nix/store/lavaqw85ixs41sv6hv8qfzksj8n12r3w-texlive-combined-full-2024-final-texmfdist/tex/latex/pgf/compatibility/pgfcomp-version-0-65.sty
Package: pgfcomp-version-0-65 2023-01-15 v3.1.10 (3.1.10)
\pgf@nodesepstart=\dimen271
\pgf@nodesepend=\dimen272
) (/nix/store/lavaqw85ixs41sv6hv8qfzksj8n12r3w-texlive-combined-full-2024-final-texmfdist/tex/latex/pgf/compatibility/pgfcomp-version-1-18.sty
Package: pgfcomp-version-1-18 2023-01-15 v3.1.10 (3.1.10)
)) (/nix/store/lavaqw85ixs41sv6hv8qfzksj8n12r3w-texlive-combined-full-2024-final-texmfdist/tex/latex/pgf/utilities/pgffor.sty (/nix/store/lavaqw85ixs41sv6hv8qfzksj8n12r3w-texlive-combined-full-2024-final-texmfdist/tex/latex/pgf/utilities/pgfkeys.sty (/nix/store/lavaqw85ixs41sv6hv8qfzksj8n12r3w-texlive-combined-full-2024-final-texmfdist/tex/generic/pgf/utilities/pgfkeys.code.tex)) (/nix/store/lavaqw85ixs41sv6hv8qfzksj8n12r3w-texlive-combined-full-2024-final-texmfdist/tex/latex/pgf/math/pgfmath.sty (/nix/store/lavaqw85ixs41sv6hv8qfzksj8n12r3w-texlive-combined-full-2024-final-texmfdist/tex/generic/pgf/math/pgfmath.code.tex)) (/nix/store/lavaqw85ixs41sv6hv8qfzksj8n12r3w-texlive-combined-full-2024-final-texmfdist/tex/generic/pgf/utilities/pgffor.code.tex
Package: pgffor 2023-01-15 v3.1.10 (3.1.10)
\pgffor@iter=\dimen273
\pgffor@skip=\dimen274
\pgffor@stack=\toks35
\pgffor@toks=\toks36
)) (/nix/store/lavaqw85ixs41sv6hv8qfzksj8n12r3w-texlive-combined-full-2024-final-texmfdist/tex/generic/pgf/frontendlayer/tikz/tikz.code.tex
Package: tikz 2023-01-15 v3.1.10 (3.1.10)
 (/nix/store/lavaqw85ixs41sv6hv8qfzksj8n12r3w-texlive-combined-full-2024-final-texmfdist/tex/generic/pgf/libraries/pgflibraryplothandlers.code.tex
File: pgflibraryplothandlers.code.tex 2023-01-15 v3.1.10 (3.1.10)
\pgf@plot@mark@count=\count305
\pgfplotmarksize=\dimen275
)
\tikz@lastx=\dimen276
\tikz@lasty=\dimen277
\tikz@lastxsaved=\dimen278
\tikz@lastysaved=\dimen279
\tikz@lastmovetox=\dimen280
\tikz@lastmovetoy=\dimen281
\tikzleveldistance=\dimen282
\tikzsiblingdistance=\dimen283
\tikz@figbox=\box63
\tikz@figbox@bg=\box64
\tikz@tempbox=\box65
\tikz@tempbox@bg=\box66
\tikztreelevel=\count306
\tikznumberofchildren=\count307
\tikznumberofcurrentchild=\count308
\tikz@fig@count=\count309
 (/nix/store/lavaqw85ixs41sv6hv8qfzksj8n12r3w-texlive-combined-full-2024-final-texmfdist/tex/generic/pgf/modules/pgfmodulematrix.code.tex
File: pgfmodulematrix.code.tex 2023-01-15 v3.1.10 (3.1.10)
\pgfmatrixcurrentrow=\count310
\pgfmatrixcurrentcolumn=\count311
\pgf@matrix@numberofcolumns=\count312
)
\tikz@expandcount=\count313
 (/nix/store/lavaqw85ixs41sv6hv8qfzksj8n12r3w-texlive-combined-full-2024-final-texmfdist/tex/generic/pgf/frontendlayer/tikz/libraries/tikzlibrarytopaths.code.tex
File: tikzlibrarytopaths.code.tex 2023-01-15 v3.1.10 (3.1.10)
))) (/nix/store/lavaqw85ixs41sv6hv8qfzksj8n12r3w-texlive-combined-full-2024-final-texmfdist/tex/latex/amsfonts/amssymb.sty
Package: amssymb 2013/01/14 v3.01 AMS font symbols
 (/nix/store/lavaqw85ixs41sv6hv8qfzksj8n12r3w-texlive-combined-full-2024-final-texmfdist/tex/latex/amsfonts/amsfonts.sty
Package: amsfonts 2013/01/14 v3.01 Basic AMSFonts support
\@emptytoks=\toks37
\symAMSa=\mathgroup4
\symAMSb=\mathgroup5
LaTeX Font Info:    Redeclaring math symbol \hbar on input line 98.
LaTeX Font Info:    Overwriting math alphabet `\mathfrak' in version `bold'
(Font)                  U/euf/m/n --> U/euf/b/n on input line 106.
)) (/nix/store/lavaqw85ixs41sv6hv8qfzksj8n12r3w-texlive-combined-full-2024-final-texmfdist/tex/latex/graphics/rotating.sty
Package: rotating 2016/08/11 v2.16d rotated objects in LaTeX
 (/nix/store/lavaqw85ixs41sv6hv8qfzksj8n12r3w-texlive-combined-full-2024-final-texmfdist/tex/latex/base/ifthen.sty
Package: ifthen 2024/03/16 v1.1e Standard LaTeX ifthen package (DPC)
)
\c@r@tfl@t=\count314
\rotFPtop=\skip60
\rotFPbot=\skip61
\rot@float@box=\box67
\rot@mess@toks=\toks38
) (/nix/store/lavaqw85ixs41sv6hv8qfzksj8n12r3w-texlive-combined-full-2024-final-texmfdist/tex/latex/adjustbox/adjustbox.sty
Package: adjustbox 2025/02/26 v1.3c Adjusting TeX boxes (trim, clip, ...)
 (/nix/store/lavaqw85ixs41sv6hv8qfzksj8n12r3w-texlive-combined-full-2024-final-texmfdist/tex/latex/xkeyval/xkeyval.sty
Package: xkeyval 2022/06/16 v2.9 package option processing (HA)
 (/nix/store/lavaqw85ixs41sv6hv8qfzksj8n12r3w-texlive-combined-full-2024-final-texmfdist/tex/generic/xkeyval/xkeyval.tex (/nix/store/lavaqw85ixs41sv6hv8qfzksj8n12r3w-texlive-combined-full-2024-final-texmfdist/tex/generic/xkeyval/xkvutils.tex
\XKV@toks=\toks39
\XKV@tempa@toks=\toks40
)
\XKV@depth=\count315
File: xkeyval.tex 2014/12/03 v2.7a key=value parser (HA)
)) (/nix/store/lavaqw85ixs41sv6hv8qfzksj8n12r3w-texlive-combined-full-2024-final-texmfdist/tex/latex/adjustbox/adjcalc.sty
Package: adjcalc 2012/05/16 v1.1 Provides advanced setlength with multiple back-ends (calc, etex, pgfmath)
) (/nix/store/lavaqw85ixs41sv6hv8qfzksj8n12r3w-texlive-combined-full-2024-final-texmfdist/tex/latex/adjustbox/trimclip.sty
Package: trimclip 2025/02/21 v1.2a Trim and clip general TeX material
 (/nix/store/lavaqw85ixs41sv6hv8qfzksj8n12r3w-texlive-combined-full-2024-final-texmfdist/tex/latex/collectbox/collectbox.sty
Package: collectbox 2022/10/17 v0.4c Collect macro arguments as boxes
\collectedbox=\box68
)
\tc@llx=\dimen284
\tc@lly=\dimen285
\tc@urx=\dimen286
\tc@ury=\dimen287
Package trimclip Info: Using driver 'tc-pdftex.def'.
 (/nix/store/lavaqw85ixs41sv6hv8qfzksj8n12r3w-texlive-combined-full-2024-final-texmfdist/tex/latex/adjustbox/tc-pdftex.def
File: tc-pdftex.def 2025/02/26 v2.3 Clipping driver for pdftex
))
\adjbox@Width=\dimen288
\adjbox@Height=\dimen289
\adjbox@Depth=\dimen290
\adjbox@Totalheight=\dimen291
\adjbox@pwidth=\dimen292
\adjbox@pheight=\dimen293
\adjbox@pdepth=\dimen294
\adjbox@ptotalheight=\dimen295
 (/nix/store/lavaqw85ixs41sv6hv8qfzksj8n12r3w-texlive-combined-full-2024-final-texmfdist/tex/latex/ifoddpage/ifoddpage.sty
Package: ifoddpage 2022/10/18 v1.2 Conditionals for odd/even page detection
\c@checkoddpage=\count316
) (/nix/store/lavaqw85ixs41sv6hv8qfzksj8n12r3w-texlive-combined-full-2024-final-texmfdist/tex/latex/varwidth/varwidth.sty
Package: varwidth 2009/03/30 ver 0.92;  Variable-width minipages
\@vwid@box=\box69
\sift@deathcycles=\count317
\@vwid@loff=\dimen296
\@vwid@roff=\dimen297
)) (/nix/store/lavaqw85ixs41sv6hv8qfzksj8n12r3w-texlive-combined-full-2024-final-texmfdist/tex/latex/pdflscape/pdflscape.sty
Package: pdflscape 2022-10-27 v0.13 Display of landscape pages in PDF
 (/nix/store/lavaqw85ixs41sv6hv8qfzksj8n12r3w-texlive-combined-full-2024-final-texmfdist/tex/latex/pdflscape/pdflscape-nometadata.sty
Package: pdflscape-nometadata 2022-10-28 v0.13 Display of landscape pages in PDF (HO)
 (/nix/store/lavaqw85ixs41sv6hv8qfzksj8n12r3w-texlive-combined-full-2024-final-texmfdist/tex/latex/graphics/lscape.sty
Package: lscape 2020/05/28 v3.02 Landscape Pages (DPC)
)
Package pdflscape Info: Auto-detected driver: pdftex on input line 81.
)) (/nix/store/lavaqw85ixs41sv6hv8qfzksj8n12r3w-texlive-combined-full-2024-final-texmfdist/tex/latex/tools/longtable.sty
Package: longtable 2024-10-27 v4.22 Multi-page Table package (DPC)
\LTleft=\skip62
\LTright=\skip63
\LTpre=\skip64
\LTpost=\skip65
\LTchunksize=\count318
\LTcapwidth=\dimen298
\LT@head=\box70
\LT@firsthead=\box71
\LT@foot=\box72
\LT@lastfoot=\box73
\LT@gbox=\box74
\LT@cols=\count319
\LT@rows=\count320
\c@LT@tables=\count321
\c@LT@chunks=\count322
\LT@p@ftn=\toks41
) (/nix/store/lavaqw85ixs41sv6hv8qfzksj8n12r3w-texlive-combined-full-2024-final-texmfdist/tex/latex/float/float.sty
Package: float 2001/11/08 v1.3d Float enhancements (AL)
\c@float@type=\count323
\float@exts=\toks42
\float@box=\box75
\@float@everytoks=\toks43
\@floatcapt=\box76
) (/nix/store/lavaqw85ixs41sv6hv8qfzksj8n12r3w-texlive-combined-full-2024-final-texmfdist/tex/latex/tcolorbox/tcolorbox.sty
Package: tcolorbox 2024/10/22 version 6.4.1 text color boxes
 (/nix/store/lavaqw85ixs41sv6hv8qfzksj8n12r3w-texlive-combined-full-2024-final-texmfdist/tex/latex/tools/verbatim.sty
Package: verbatim 2024-01-22 v1.5x LaTeX2e package for verbatim enhancements
\every@verbatim=\toks44
\verbatim@line=\toks45
\verbatim@in@stream=\read3
) (/nix/store/lavaqw85ixs41sv6hv8qfzksj8n12r3w-texlive-combined-full-2024-final-texmfdist/tex/latex/environ/environ.sty
Package: environ 2014/05/04 v0.3 A new way to define environments
 (/nix/store/lavaqw85ixs41sv6hv8qfzksj8n12r3w-texlive-combined-full-2024-final-texmfdist/tex/latex/trimspaces/trimspaces.sty
Package: trimspaces 2009/09/17 v1.1 Trim spaces around a token list
)
\@envbody=\toks46
)
\tcb@titlebox=\box77
\tcb@upperbox=\box78
\tcb@lowerbox=\box79
\tcb@phantombox=\box80
\c@tcbbreakpart=\count324
\c@tcblayer=\count325
\c@tcolorbox@number=\count326
\l__tcobox_tmpa_box=\box81
\l__tcobox_tmpa_dim=\dimen299
\tcb@temp=\box82
\tcb@temp=\box83
\tcb@temp=\box84
\tcb@temp=\box85
) (/nix/store/lavaqw85ixs41sv6hv8qfzksj8n12r3w-texlive-combined-full-2024-final-texmfdist/tex/latex/caption/caption.sty
Package: caption 2023/08/05 v3.6o Customizing captions (AR)
 (/nix/store/lavaqw85ixs41sv6hv8qfzksj8n12r3w-texlive-combined-full-2024-final-texmfdist/tex/latex/caption/caption3.sty
Package: caption3 2023/07/31 v2.4d caption3 kernel (AR)
\caption@tempdima=\dimen300
\captionmargin=\dimen301
\caption@leftmargin=\dimen302
\caption@rightmargin=\dimen303
\caption@width=\dimen304
\caption@indent=\dimen305
\caption@parindent=\dimen306
\caption@hangindent=\dimen307
Package caption Info: Standard document class detected.
)
\c@caption@flags=\count327
\c@continuedfloat=\count328
Package caption Info: float package is loaded.
Package caption Info: hyperref package is loaded.
Package caption Info: longtable package is loaded.
 (/nix/store/lavaqw85ixs41sv6hv8qfzksj8n12r3w-texlive-combined-full-2024-final-texmfdist/tex/latex/caption/ltcaption.sty
Package: ltcaption 2021/01/08 v1.4c longtable captions (AR)
)
Package caption Info: rotating package is loaded.
) (/nix/store/lavaqw85ixs41sv6hv8qfzksj8n12r3w-texlive-combined-full-2024-final-texmfdist/tex/latex/setspace/setspace.sty
Package: setspace 2022/12/04 v6.7b set line spacing
) (/nix/store/lavaqw85ixs41sv6hv8qfzksj8n12r3w-texlive-combined-full-2024-final-texmfdist/tex/latex/fancyhdr/fancyhdr.sty
Package: fancyhdr 2025/02/07 v5.2 Extensive control of page headers and footers
\f@nch@headwidth=\skip66
\f@nch@offset@elh=\skip67
\f@nch@offset@erh=\skip68
\f@nch@offset@olh=\skip69
\f@nch@offset@orh=\skip70
\f@nch@offset@elf=\skip71
\f@nch@offset@erf=\skip72
\f@nch@offset@olf=\skip73
\f@nch@offset@orf=\skip74
\f@nch@height=\skip75
\f@nch@footalignment=\skip76
\f@nch@widthL=\skip77
\f@nch@widthC=\skip78
\f@nch@widthR=\skip79
\@temptokenb=\toks47
) (/nix/store/lavaqw85ixs41sv6hv8qfzksj8n12r3w-texlive-combined-full-2024-final-texmfdist/tex/latex/tcolorbox/tcbskins.code.tex
Library (tcolorbox): 'tcbskins.code.tex' version '6.4.1'
(/nix/store/lavaqw85ixs41sv6hv8qfzksj8n12r3w-texlive-combined-full-2024-final-texmfdist/tex/latex/tikzfill/tikzfill.image.sty
Package: tikzfill.image 2023/08/08 v1.0.1 Image filling library for TikZ
 (/nix/store/lavaqw85ixs41sv6hv8qfzksj8n12r3w-texlive-combined-full-2024-final-texmfdist/tex/latex/tikzfill/tikzfill-common.sty
Package: tikzfill-common 2023/08/08 v1.0.1 Auxiliary code for tikzfill
) (/nix/store/lavaqw85ixs41sv6hv8qfzksj8n12r3w-texlive-combined-full-2024-final-texmfdist/tex/latex/tikzfill/tikzlibraryfill.image.code.tex
File: tikzlibraryfill.image.code.tex 2023/08/08 v1.0.1 Image filling library
\l__tikzfill_img_box=\box86
)) (/nix/store/lavaqw85ixs41sv6hv8qfzksj8n12r3w-texlive-combined-full-2024-final-texmfdist/tex/latex/tcolorbox/tcbskinsjigsaw.code.tex
Library (tcolorbox): 'tcbskinsjigsaw.code.tex' version '6.4.1'
)) (/nix/store/lavaqw85ixs41sv6hv8qfzksj8n12r3w-texlive-combined-full-2024-final-texmfdist/tex/generic/pgf/frontendlayer/tikz/libraries/tikzlibraryshapes.code.tex
File: tikzlibraryshapes.code.tex 2023-01-15 v3.1.10 (3.1.10)
 (/nix/store/lavaqw85ixs41sv6hv8qfzksj8n12r3w-texlive-combined-full-2024-final-texmfdist/tex/generic/pgf/frontendlayer/tikz/libraries/tikzlibraryshapes.geometric.code.tex
File: tikzlibraryshapes.geometric.code.tex 2023-01-15 v3.1.10 (3.1.10)
 (/nix/store/lavaqw85ixs41sv6hv8qfzksj8n12r3w-texlive-combined-full-2024-final-texmfdist/tex/generic/pgf/libraries/shapes/pgflibraryshapes.geometric.code.tex
File: pgflibraryshapes.geometric.code.tex 2023-01-15 v3.1.10 (3.1.10)
)) (/nix/store/lavaqw85ixs41sv6hv8qfzksj8n12r3w-texlive-combined-full-2024-final-texmfdist/tex/generic/pgf/frontendlayer/tikz/libraries/tikzlibraryshapes.misc.code.tex
File: tikzlibraryshapes.misc.code.tex 2023-01-15 v3.1.10 (3.1.10)
 (/nix/store/lavaqw85ixs41sv6hv8qfzksj8n12r3w-texlive-combined-full-2024-final-texmfdist/tex/generic/pgf/libraries/shapes/pgflibraryshapes.misc.code.tex
File: pgflibraryshapes.misc.code.tex 2023-01-15 v3.1.10 (3.1.10)
)) (/nix/store/lavaqw85ixs41sv6hv8qfzksj8n12r3w-texlive-combined-full-2024-final-texmfdist/tex/generic/pgf/frontendlayer/tikz/libraries/tikzlibraryshapes.symbols.code.tex
File: tikzlibraryshapes.symbols.code.tex 2023-01-15 v3.1.10 (3.1.10)
 (/nix/store/lavaqw85ixs41sv6hv8qfzksj8n12r3w-texlive-combined-full-2024-final-texmfdist/tex/generic/pgf/libraries/shapes/pgflibraryshapes.symbols.code.tex
File: pgflibraryshapes.symbols.code.tex 2023-01-15 v3.1.10 (3.1.10)
)) (/nix/store/lavaqw85ixs41sv6hv8qfzksj8n12r3w-texlive-combined-full-2024-final-texmfdist/tex/generic/pgf/frontendlayer/tikz/libraries/tikzlibraryshapes.arrows.code.tex
File: tikzlibraryshapes.arrows.code.tex 2023-01-15 v3.1.10 (3.1.10)
 (/nix/store/lavaqw85ixs41sv6hv8qfzksj8n12r3w-texlive-combined-full-2024-final-texmfdist/tex/generic/pgf/libraries/shapes/pgflibraryshapes.arrows.code.tex
File: pgflibraryshapes.arrows.code.tex 2023-01-15 v3.1.10 (3.1.10)
)) (/nix/store/lavaqw85ixs41sv6hv8qfzksj8n12r3w-texlive-combined-full-2024-final-texmfdist/tex/generic/pgf/frontendlayer/tikz/libraries/tikzlibraryshapes.callouts.code.tex (/nix/store/lavaqw85ixs41sv6hv8qfzksj8n12r3w-texlive-combined-full-2024-final-texmfdist/tex/generic/pgf/libraries/shapes/pgflibraryshapes.callouts.code.tex)) (/nix/store/lavaqw85ixs41sv6hv8qfzksj8n12r3w-texlive-combined-full-2024-final-texmfdist/tex/generic/pgf/frontendlayer/tikz/libraries/tikzlibraryshapes.multipart.code.tex
File: tikzlibraryshapes.multipart.code.tex 2023-01-15 v3.1.10 (3.1.10)
 (/nix/store/lavaqw85ixs41sv6hv8qfzksj8n12r3w-texlive-combined-full-2024-final-texmfdist/tex/generic/pgf/libraries/shapes/pgflibraryshapes.multipart.code.tex
File: pgflibraryshapes.multipart.code.tex 2023-01-15 v3.1.10 (3.1.10)
\pgfnodepartlowerbox=\box87
\pgfnodeparttwobox=\box88
\pgfnodepartthreebox=\box89
\pgfnodepartfourbox=\box90
\pgfnodeparttwentybox=\box91
\pgfnodepartnineteenbox=\box92
\pgfnodeparteighteenbox=\box93
\pgfnodepartseventeenbox=\box94
\pgfnodepartsixteenbox=\box95
\pgfnodepartfifteenbox=\box96
\pgfnodepartfourteenbox=\box97
\pgfnodepartthirteenbox=\box98
\pgfnodeparttwelvebox=\box99
\pgfnodepartelevenbox=\box100
\pgfnodeparttenbox=\box101
\pgfnodepartninebox=\box102
\pgfnodeparteightbox=\box103
\pgfnodepartsevenbox=\box104
\pgfnodepartsixbox=\box105
\pgfnodepartfivebox=\box106
))) (/nix/store/lavaqw85ixs41sv6hv8qfzksj8n12r3w-texlive-combined-full-2024-final-texmfdist/tex/generic/pgf/frontendlayer/tikz/libraries/tikzlibraryarrows.code.tex
File: tikzlibraryarrows.code.tex 2023-01-15 v3.1.10 (3.1.10)
 (/nix/store/lavaqw85ixs41sv6hv8qfzksj8n12r3w-texlive-combined-full-2024-final-texmfdist/tex/generic/pgf/libraries/pgflibraryarrows.code.tex
File: pgflibraryarrows.code.tex 2023-01-15 v3.1.10 (3.1.10)
\arrowsize=\dimen308
)) (/nix/store/lavaqw85ixs41sv6hv8qfzksj8n12r3w-texlive-combined-full-2024-final-texmfdist/tex/generic/pgf/frontendlayer/tikz/libraries/tikzlibrarypositioning.code.tex
File: tikzlibrarypositioning.code.tex 2023-01-15 v3.1.10 (3.1.10)
) (/nix/store/lavaqw85ixs41sv6hv8qfzksj8n12r3w-texlive-combined-full-2024-final-texmfdist/tex/generic/pgf/frontendlayer/tikz/libraries/tikzlibraryfit.code.tex
File: tikzlibraryfit.code.tex 2023-01-15 v3.1.10 (3.1.10)
) (/nix/store/lavaqw85ixs41sv6hv8qfzksj8n12r3w-texlive-combined-full-2024-final-texmfdist/tex/generic/pgf/frontendlayer/tikz/libraries/tikzlibrarybackgrounds.code.tex
File: tikzlibrarybackgrounds.code.tex 2023-01-15 v3.1.10 (3.1.10)
\pgf@layerbox@background=\box107
\pgf@layerboxsaved@background=\box108
) (/nix/store/lavaqw85ixs41sv6hv8qfzksj8n12r3w-texlive-combined-full-2024-final-texmfdist/tex/latex/tools/tabularx.sty
Package: tabularx 2023/12/11 v2.12a `tabularx' package (DPC)
\TX@col@width=\dimen309
\TX@old@table=\dimen310
\TX@old@col=\dimen311
\TX@target=\dimen312
\TX@delta=\dimen313
\TX@cols=\count329
\TX@ftn=\toks48
)
Package hyperref Info: Option `colorlinks' set `true' on input line 73.
 (/nix/store/lavaqw85ixs41sv6hv8qfzksj8n12r3w-texlive-combined-full-2024-final-texmfdist/tex/latex/l3backend/l3backend-pdftex.def
File: l3backend-pdftex.def 2024-05-08 L3 backend support: PDF output (pdfTeX)
\l__color_backend_stack_int=\count330
\l__pdf_internal_box=\box109
) (./main.aux)
\openout1 = `main.aux'.

LaTeX Font Info:    Checking defaults for OML/cmm/m/it on input line 75.
LaTeX Font Info:    ... okay on input line 75.
LaTeX Font Info:    Checking defaults for OMS/cmsy/m/n on input line 75.
LaTeX Font Info:    ... okay on input line 75.
LaTeX Font Info:    Checking defaults for OT1/cmr/m/n on input line 75.
LaTeX Font Info:    ... okay on input line 75.
LaTeX Font Info:    Checking defaults for T1/cmr/m/n on input line 75.
LaTeX Font Info:    ... okay on input line 75.
LaTeX Font Info:    Checking defaults for TS1/cmr/m/n on input line 75.
LaTeX Font Info:    ... okay on input line 75.
LaTeX Font Info:    Checking defaults for OMX/cmex/m/n on input line 75.
LaTeX Font Info:    ... okay on input line 75.
LaTeX Font Info:    Checking defaults for U/cmr/m/n on input line 75.
LaTeX Font Info:    ... okay on input line 75.
LaTeX Font Info:    Checking defaults for PD1/pdf/m/n on input line 75.
LaTeX Font Info:    ... okay on input line 75.
LaTeX Font Info:    Checking defaults for PU/pdf/m/n on input line 75.
LaTeX Font Info:    ... okay on input line 75.
 (/nix/store/lavaqw85ixs41sv6hv8qfzksj8n12r3w-texlive-combined-full-2024-final-texmfdist/tex/context/base/mkii/supp-pdf.mkii
[Loading MPS to PDF converter (version 2006.09.02).]
\scratchcounter=\count331
\scratchdimen=\dimen314
\scratchbox=\box110
\nofMPsegments=\count332
\nofMParguments=\count333
\everyMPshowfont=\toks49
\MPscratchCnt=\count334
\MPscratchDim=\dimen315
\MPnumerator=\count335
\makeMPintoPDFobject=\count336
\everyMPtoPDFconversion=\toks50
) (/nix/store/lavaqw85ixs41sv6hv8qfzksj8n12r3w-texlive-combined-full-2024-final-texmfdist/tex/latex/epstopdf-pkg/epstopdf-base.sty
Package: epstopdf-base 2020-01-24 v2.11 Base part for package epstopdf
Package epstopdf-base Info: Redefining graphics rule for `.eps' on input line 485.
 (/nix/store/lavaqw85ixs41sv6hv8qfzksj8n12r3w-texlive-combined-full-2024-final-texmfdist/tex/latex/latexconfig/epstopdf-sys.cfg
File: epstopdf-sys.cfg 2010/07/13 v1.3 Configuration of (r)epstopdf for TeX Live
))
Package hyperref Info: Link coloring ON on input line 75.
\@outlinefile=\write4
\openout4 = `main.out'.


*geometry* driver: auto-detecting
*geometry* detected driver: pdftex
*geometry* verbose mode - [ preamble ] result:
* driver: pdftex
* paper: a4paper
* layout: <same size as paper>
* layoutoffset:(h,v)=(0.0pt,0.0pt)
* modes: 
* h-part:(L,W,R)=(71.13188pt, 455.24411pt, 71.13188pt)
* v-part:(T,H,B)=(71.13188pt, 702.78308pt, 71.13188pt)
* \paperwidth=597.50787pt
* \paperheight=845.04684pt
* \textwidth=455.24411pt
* \textheight=702.78308pt
* \oddsidemargin=-1.1381pt
* \evensidemargin=-1.1381pt
* \topmargin=-41.1381pt
* \headheight=15.0pt
* \headsep=25.0pt
* \topskip=12.0pt
* \footskip=30.0pt
* \marginparwidth=35.0pt
* \marginparsep=10.0pt
* \columnsep=10.0pt
* \skip\footins=10.8pt plus 4.0pt minus 2.0pt
* \hoffset=0.0pt
* \voffset=0.0pt
* \mag=1000
* \@twocolumnfalse
* \@twosidefalse
* \@mparswitchfalse
* \@reversemarginfalse
* (1in=72.27pt=25.4mm, 1cm=28.453pt)

Package caption Info: Begin \AtBeginDocument code.
Package caption Info: End \AtBeginDocument code.
<images/UFPE.jpg, id=7, 172.9662pt x 176.5797pt>
File: images/UFPE.jpg Graphic file (type jpg)
<use images/UFPE.jpg>
Package pdftex.def Info: images/UFPE.jpg  used on input line 82.
(pdftex.def)             Requested size: 113.81102pt x 116.18997pt.
LaTeX Font Info:    Trying to load font information for U+msa on input line 91.
(/nix/store/lavaqw85ixs41sv6hv8qfzksj8n12r3w-texlive-combined-full-2024-final-texmfdist/tex/latex/amsfonts/umsa.fd
File: umsa.fd 2013/01/14 v3.01 AMS symbols A
)
LaTeX Font Info:    Trying to load font information for U+msb on input line 91.
 (/nix/store/lavaqw85ixs41sv6hv8qfzksj8n12r3w-texlive-combined-full-2024-final-texmfdist/tex/latex/amsfonts/umsb.fd
File: umsb.fd 2013/01/14 v3.01 AMS symbols B
)

[1

{/nix/store/03zygx0fmz4w0rjmhwzxhn9c672s2inz-texlive-combined-full-2024-final/share/texmf-var/fonts/map/pdftex/updmap/pdftex.map}{/nix/store/lavaqw85ixs41sv6hv8qfzksj8n12r3w-texlive-combined-full-2024-final-texmfdist/fonts/enc/dvips/cm-super/cm-super-t1.enc} <./images/UFPE.jpg>]
Overfull \hbox (21.46953pt too wide) in paragraph at lines 114--125
 [][] 
 []




pdfTeX warning (ext4): destination with the same identifier (name{page.1}) has been already used, duplicate ignored
<to be read again> 
                   \relax 
l.127 \clearpage
                 [1]
No file main.toc.
\tf@toc=\write5
\openout5 = `main.toc'.



[2

]
Underfull \hbox (badness 3302) in paragraph at lines 166--166
[]|\T1/cmr/m/n/12 Lucas Lu-cena Xavier de
 []


Underfull \hbox (badness 5741) in paragraph at lines 168--168
[]|\T1/cmr/m/n/12 Sara Si-mone Emi-lay de
 []


Underfull \hbox (badness 10000) in paragraph at lines 172--172
[]|\T1/cmr/m/n/12 Maria Beat-riz Mar-tins
 []


Underfull \hbox (badness 4660) in paragraph at lines 176--176
[]|\T1/cmr/m/n/12 Vinicius No-bre da Silva
 []


LaTeX Warning: `h' float specifier changed to `ht'.



[3

{/nix/store/lavaqw85ixs41sv6hv8qfzksj8n12r3w-texlive-combined-full-2024-final-texmfdist/fonts/enc/dvips/cm-super/cm-super-ts1.enc}]
Underfull \hbox (badness 5756) in paragraph at lines 213--213
[]|\T1/cmr/bx/n/12 Gestores de-par-ta-
 []



[4]

[5]

[6]
<images/AS-IS.jpg, id=61, 4065.1875pt x 903.375pt>
File: images/AS-IS.jpg Graphic file (type jpg)
<use images/AS-IS.jpg>
Package pdftex.def Info: images/AS-IS.jpg  used on input line 292.
(pdftex.def)             Requested size: 409.71692pt x 91.04579pt.


LaTeX Warning: `h' float specifier changed to `ht'.



[7]

[8 <./images/AS-IS.jpg>]
Overfull \hbox (0.93607pt too wide) in paragraph at lines 373--374
\T1/cmr/m/n/12 Os prob-le-mas iden-ti-fi-ca-dos no pro-cesso at-ual decor-rem prin-ci-pal-mente das seguintes causas
 []



[9]

[10]
/home/notroot/Documents/Code/Uni/Projeto-SGE-PGP-GPN-/Entrega Final/Implanta√ß√£o/main.tex:394: Undefined control sequence.
l.394 \subsubsubsection
                       {Arquitetura de Neg√≥cios}
The control sequence at the end of the top line
of your error message was never \def'ed. If you have
misspelled it (e.g., `\hobx'), type `I' and the correct
spelling (e.g., `I\hbox'). Otherwise just continue,
and I'll forget about whatever was undefined.


Underfull \hbox (badness 10000) in paragraph at lines 406--406
[]|\T1/cmr/m/n/8 PadronizaÁ„o de
 []


Underfull \hbox (badness 10000) in paragraph at lines 412--412
[]|\T1/cmr/m/n/8 Abordagem reativa para
 []


Underfull \hbox (badness 2119) in paragraph at lines 412--413
[]|\T1/cmr/m/n/8 ImplementaÁ„o de aler-tas e no-ti-fi-
 []


Underfull \hbox (badness 10000) in paragraph at lines 414--414
[]|\T1/cmr/m/n/8 Autonomia do
 []


Underfull \hbox (badness 1472) in paragraph at lines 414--414
[]|\T1/cmr/m/n/8 Alta de-pendÍn-cia da equipe
 []


Underfull \hbox (badness 10000) in paragraph at lines 416--416
[]|\T1/cmr/m/n/8 MÈtricas e in-di-
 []

/home/notroot/Documents/Code/Uni/Projeto-SGE-PGP-GPN-/Entrega Final/Implanta√ß√£o/main.tex:423: Undefined control sequence.
l.423 \subsubsubsection
                       {Arquitetura de Sistemas de Informa√ß√£o}
The control sequence at the end of the top line
of your error message was never \def'ed. If you have
misspelled it (e.g., `\hobx'), type `I' and the correct
spelling (e.g., `I\hbox'). Otherwise just continue,
and I'll forget about whatever was undefined.


Underfull \hbox (badness 3029) in paragraph at lines 437--437
[]|\T1/cmr/m/n/8 Sistemas iso-la-dos sem in-te-
 []


Underfull \hbox (badness 10000) in paragraph at lines 439--439
[]|\T1/cmr/m/n/8 Preenchimento man-ual e
 []


Underfull \hbox (badness 7064) in paragraph at lines 439--440
[]|\T1/cmr/m/n/8 ImplementaÁ„o de for-mul·rios in-
 []


Underfull \hbox (badness 10000) in paragraph at lines 441--441
[]|\T1/cmr/m/n/8 Busca de in-for-
 []


Underfull \hbox (badness 2744) in paragraph at lines 443--444
[]|\T1/cmr/m/n/8 CriaÁ„o de repositÛrio cen-tral-izado
 []


Underfull \hbox (badness 10000) in paragraph at lines 445--445
[]|\T1/cmr/m/n/8 Interface com
 []


Underfull \hbox (badness 1072) in paragraph at lines 445--445
[]|\T1/cmr/m/n/8 Interfaces pouco in-tu-iti-vas e
 []

/home/notroot/Documents/Code/Uni/Projeto-SGE-PGP-GPN-/Entrega Final/Implanta√ß√£o/main.tex:452: Undefined control sequence.
l.452 \subsubsubsection
                       {Arquitetura de Tecnologia}
The control sequence at the end of the top line
of your error message was never \def'ed. If you have
misspelled it (e.g., `\hobx'), type `I' and the correct
spelling (e.g., `I\hbox'). Otherwise just continue,
and I'll forget about whatever was undefined.


Underfull \hbox (badness 10000) in paragraph at lines 464--464
[]|\T1/cmr/m/n/8 Infraestrutura de
 []


Underfull \hbox (badness 3942) in paragraph at lines 466--466
[]|\T1/cmr/m/n/8 Processamento de
 []


Underfull \hbox (badness 1173) in paragraph at lines 466--466
[]|\T1/cmr/m/n/8 AusÍncia de tec-nolo-gia para
 []


Underfull \hbox (badness 10000) in paragraph at lines 470--470
[]|\T1/cmr/m/n/8 Armazenamento
 []


Underfull \hbox (badness 1173) in paragraph at lines 470--470
[]|\T1/cmr/m/n/8 AusÍncia de tec-nolo-gia para
 []


Underfull \hbox (badness 1769) in paragraph at lines 472--472
[]|\T1/cmr/m/n/8 SeguranÁa de da-
 []


Underfull \hbox (badness 2772) in paragraph at lines 474--475
[]|\T1/cmr/m/n/8 ImplementaÁ„o de com-po-nentes de
 []


LaTeX Warning: `h' float specifier changed to `ht'.



[11

]
<images/TO-BE.jpg, id=107, 4065.1875pt x 1129.3392pt>
File: images/TO-BE.jpg Graphic file (type jpg)
<use images/TO-BE.jpg>
Package pdftex.def Info: images/TO-BE.jpg  used on input line 487.
(pdftex.def)             Requested size: 409.71692pt x 113.81938pt.


[12 <./images/TO-BE.jpg>]

[13]

[14]

[15

]

[16]
Underfull \hbox (badness 2503) in paragraph at lines 676--677
[]|$\OMS/cmsy/m/n/8 ^^O$ \T1/cmr/m/n/8 Pos-si-bil-i-dade de ex-pan-s„o fu-tura para out-ros
 []



[17

]
Underfull \hbox (badness 10000) in paragraph at lines 737--738
[]|\T1/cmr/bx/n/12 Fase
 []


Underfull \hbox (badness 5374) in paragraph at lines 739--739
[]|\T1/cmr/m/n/12 Ambiente de De-sen-volvi-
 []


Underfull \hbox (badness 10000) in paragraph at lines 743--743
\T1/cmr/m/n/12 16 vC-PUs, 32GB
 []


Overfull \hbox (15.20604pt too wide) in paragraph at lines 745--745
[]|[]| 
 []


Underfull \hbox (badness 10000) in paragraph at lines 747--747
[]|\T1/cmr/m/n/12 Armazenamento
 []


Underfull \hbox (badness 10000) in paragraph at lines 747--747
\T1/cmr/m/n/12 de doc-u-men-tos e
 []


Overfull \hbox (37.07289pt too wide) in paragraph at lines 751--751
[]|[]| 
 []


Underfull \hbox (badness 10000) in paragraph at lines 755--755
[]|\T1/cmr/m/n/12 Backup di·rio com
 []


Overfull \hbox (1.01367pt too wide) in paragraph at lines 759--759
[]|[]| 
 []


Underfull \hbox (badness 1735) in paragraph at lines 759--759
[]|\T1/cmr/m/n/12 Ambientes de De-sen-volvi-
 []



[18]

[19]

[20]
Underfull \hbox (badness 10000) in paragraph at lines 826--826
[]|\T1/cmr/m/n/12 Arquiteto de
 []


Underfull \hbox (badness 2556) in paragraph at lines 828--828
[]|\T1/cmr/m/n/12 Especialista em
 []


Underfull \hbox (badness 10000) in paragraph at lines 830--830
[]|\T1/cmr/m/n/12 Desenvolvedor
 []


Underfull \hbox (badness 5077) in paragraph at lines 830--831
[]|\T1/cmr/m/n/12 Desenvolvimento de front-end,
 []


Underfull \hbox (badness 10000) in paragraph at lines 832--832
[]|\T1/cmr/m/n/12 Engenheiro de
 []


Underfull \hbox (badness 2556) in paragraph at lines 836--836
[]|\T1/cmr/m/n/12 Especialista em
 []


Underfull \hbox (badness 10000) in paragraph at lines 836--837
\T1/cmr/m/n/12 se-gu-ranÁa, con-formi-dade com
 []


Underfull \hbox (badness 10000) in paragraph at lines 838--838
[]|\T1/cmr/m/n/12 Analista de
 []


Underfull \hbox (badness 2556) in paragraph at lines 840--840
[]|\T1/cmr/m/n/12 Especialista em
 []


Underfull \hbox (badness 10000) in paragraph at lines 840--840
\T1/cmr/m/n/12 Se-gu-ranÁa do
 []


Underfull \hbox (badness 10000) in paragraph at lines 842--842
[]|\T1/cmr/m/n/12 Analista de
 []


Underfull \hbox (badness 2065) in paragraph at lines 842--843
\T1/cmr/m/n/12 e-lagem de pro-ces-sos, in-ter-face
 []


Underfull \hbox (badness 6461) in paragraph at lines 862--862
[]|\T1/cmr/m/n/8 Equipe in-terna (ded-i-
 []


Underfull \hbox (badness 10000) in paragraph at lines 864--864
[]|\T1/cmr/m/n/8 Consultoria es-pe-cial-
 []


Underfull \hbox (badness 10000) in paragraph at lines 868--868
[]|\T1/cmr/m/n/8 Suporte tÈc-nico pÛs-
 []


Underfull \hbox (badness 4048) in paragraph at lines 878--878
[]|\T1/cmr/bx/n/8 Subtotal In-fraestru-
 []


Underfull \hbox (badness 2221) in paragraph at lines 880--880
[]|\T1/cmr/m/n/8 Ferramentas de de-sen-
 []


LaTeX Warning: `h' float specifier changed to `ht'.



[21

]
Overfull \hbox (7.3163pt too wide) in paragraph at lines 922--922
[]|\T1/cmr/bx/n/8 DuraÁ„o| 
 []


Overfull \hbox (9.41023pt too wide) in paragraph at lines 924--924
[]|[]| 
 []


Underfull \hbox (badness 4328) in paragraph at lines 924--925
[]|$\OMS/cmsy/m/n/8 ^^O$ \T1/cmr/m/n/8 Doc-u-mento de req-ui-si-tos
 []


Overfull \hbox (9.41023pt too wide) in paragraph at lines 932--932
[]|[]| 
 []


Overfull \hbox (9.41023pt too wide) in paragraph at lines 940--940
[]|[]| 
 []


Underfull \hbox (badness 10000) in paragraph at lines 940--941
[]|$\OMS/cmsy/m/n/8 ^^O$ \T1/cmr/m/n/8 Fun-cional-i-dades de au-
 []


Underfull \hbox (badness 1308) in paragraph at lines 942--943
[]|$\OMS/cmsy/m/n/8 ^^O$ \T1/cmr/m/n/8 Equipe de mul-ti-pli-cadores
 []


Overfull \hbox (9.41023pt too wide) in paragraph at lines 948--948
[]|[]| 
 []


LaTeX Warning: `h' float specifier changed to `ht'.


Overfull \hbox (38.18686pt too wide) in paragraph at lines 972--973
 [][] 
 []



[22]

[23]
Overfull \hbox (1.12085pt too wide) in paragraph at lines 983--984
\T1/cmr/bx/n/12 Finalidade: \T1/cmr/m/n/12 Avaliar a efi-ciÍn-cia da soluÁ„o na re-duÁ„o do tempo necess·rio para preencher
 []


Overfull \hbox (1.13457pt too wide) in paragraph at lines 988--989
[]\T1/cmr/m/n/12 PÛs-implantaÁ„o: Reg-istro au-tom·tico do tempo en-tre in-Ì-cio e con-clus„o do preenchi-
 []


Overfull \hbox (3.22287pt too wide) in paragraph at lines 1001--1002
[]\T1/cmr/m/n/12 PÛs-implantaÁ„o: Reg-istro au-tom·tico de for-mul·rios com-ple-tos e v·li-dos na primeira
 []



[24

]

[25]

[26]

[27

]
Overfull \hbox (4.81725pt too wide) in paragraph at lines 1111--1112
[]\T1/cmr/m/n/12 Recomenda-se o in-Ì-cio ime-di-ato da fase de preparaÁ„o, seguindo o crono-grama e a metodolo-
 []



[28]
Overfull \hbox (0.83072pt too wide) in paragraph at lines 1121--1121
[]||| 
 []


Overfull \hbox (0.83072pt too wide) in paragraph at lines 1121--1122
[]||| 
 []

/home/notroot/Documents/Code/Uni/Projeto-SGE-PGP-GPN-/Entrega Final/Implanta√ß√£o/main.tex:1123: Extra alignment tab has been changed to \cr.
<recently read> \endtemplate 
                             
l.1123 \centering Gerente de Projeto &
                                       \centering Cliente/Representante SIAS...
You have given more \span or & marks than there were
in the preamble to the \halign or \valign now in progress.
So I'll assume that you meant to type \cr instead.


/home/notroot/Documents/Code/Uni/Projeto-SGE-PGP-GPN-/Entrega Final/Implanta√ß√£o/main.tex:1124: LaTeX Error: There's no line here to end.

See the LaTeX manual or LaTeX Companion for explanation.
Type  H <return>  for immediate help.
 ...                                              
                                                  
l.1124 \\
         [1cm]
Your command was ignored.
Type  I <command> <return>  to replace it with another command,
or  <return>  to continue without it.


Overfull \hbox (0.83072pt too wide) in paragraph at lines 1125--1125
 []|| 
 []


Overfull \hbox (0.83072pt too wide) in paragraph at lines 1125--1126
[]||| 
 []

/home/notroot/Documents/Code/Uni/Projeto-SGE-PGP-GPN-/Entrega Final/Implanta√ß√£o/main.tex:1127: Extra alignment tab has been changed to \cr.
<recently read> \endtemplate 
                             
l.1127 \centering Arquiteto de Solu√ß√µes &
                                            \centering Especialista em Segur...
You have given more \span or & marks than there were
in the preamble to the \halign or \valign now in progress.
So I'll assume that you meant to type \cr instead.


/home/notroot/Documents/Code/Uni/Projeto-SGE-PGP-GPN-/Entrega Final/Implanta√ß√£o/main.tex:1128: LaTeX Error: There's no line here to end.

See the LaTeX manual or LaTeX Companion for explanation.
Type  H <return>  for immediate help.
 ...                                              
                                                  
l.1128 \\
         [1cm]
Your command was ignored.
Type  I <command> <return>  to replace it with another command,
or  <return>  to continue without it.


Overfull \hbox (0.83072pt too wide) in paragraph at lines 1129--1129
 []|| 
 []


Overfull \hbox (0.83072pt too wide) in paragraph at lines 1129--1130
[]||| 
 []

/home/notroot/Documents/Code/Uni/Projeto-SGE-PGP-GPN-/Entrega Final/Implanta√ß√£o/main.tex:1131: Extra alignment tab has been changed to \cr.
<recently read> \endtemplate 
                             
l.1131 \centering Analista de Neg√≥cios &
                                          \centering Desenvolvedor \\
You have given more \span or & marks than there were
in the preamble to the \halign or \valign now in progress.
So I'll assume that you meant to type \cr instead.



[29

] (./main.aux)
 ***********
LaTeX2e <2024-11-01> patch level 2
L3 programming layer <2025-01-18>
 ***********


Package rerunfilecheck Warning: File `main.out' has changed.
(rerunfilecheck)                Rerun to get outlines right
(rerunfilecheck)                or use package `bookmark'.

Package rerunfilecheck Info: Checksums for `main.out':
(rerunfilecheck)             Before: <no file>
(rerunfilecheck)             After:  59201F5C85DAB4FDE9D588B79A75CC7D;8910.
 ) 
Here is how much of TeX's memory you used:
 30357 strings out of 473201
 637846 string characters out of 5689025
 1071180 words of memory out of 5000000
 52978 multiletter control sequences out of 15000+600000
 576453 words of font info for 74 fonts, out of 8000000 for 9000
 1141 hyphenation exceptions out of 8191
 84i,16n,117p,642b,1008s stack positions out of 10000i,1000n,20000p,200000b,200000s
</nix/store/lavaqw85ixs41sv6hv8qfzksj8n12r3w-texlive-combined-full-2024-final-texmfdist/fonts/type1/public/amsfonts/cm/cmsy8.pfb></nix/store/lavaqw85ixs41sv6hv8qfzksj8n12r3w-texlive-combined-full-2024-final-texmfdist/fonts/type1/public/cm-super/sfbx0800.pfb></nix/store/lavaqw85ixs41sv6hv8qfzksj8n12r3w-texlive-combined-full-2024-final-texmfdist/fonts/type1/public/cm-super/sfbx1095.pfb></nix/store/lavaqw85ixs41sv6hv8qfzksj8n12r3w-texlive-combined-full-2024-final-texmfdist/fonts/type1/public/cm-super/sfbx1200.pfb></nix/store/lavaqw85ixs41sv6hv8qfzksj8n12r3w-texlive-combined-full-2024-final-texmfdist/fonts/type1/public/cm-super/sfbx1440.pfb></nix/store/lavaqw85ixs41sv6hv8qfzksj8n12r3w-texlive-combined-full-2024-final-texmfdist/fonts/type1/public/cm-super/sfbx1728.pfb></nix/store/lavaqw85ixs41sv6hv8qfzksj8n12r3w-texlive-combined-full-2024-final-texmfdist/fonts/type1/public/cm-super/sfbx2488.pfb></nix/store/lavaqw85ixs41sv6hv8qfzksj8n12r3w-texlive-combined-full-2024-final-texmfdist/fonts/type1/public/cm-super/sfcc2074.pfb></nix/store/lavaqw85ixs41sv6hv8qfzksj8n12r3w-texlive-combined-full-2024-final-texmfdist/fonts/type1/public/cm-super/sfrm0800.pfb></nix/store/lavaqw85ixs41sv6hv8qfzksj8n12r3w-texlive-combined-full-2024-final-texmfdist/fonts/type1/public/cm-super/sfrm1095.pfb></nix/store/lavaqw85ixs41sv6hv8qfzksj8n12r3w-texlive-combined-full-2024-final-texmfdist/fonts/type1/public/cm-super/sfrm1200.pfb></nix/store/lavaqw85ixs41sv6hv8qfzksj8n12r3w-texlive-combined-full-2024-final-texmfdist/fonts/type1/public/cm-super/sfrm1440.pfb></nix/store/lavaqw85ixs41sv6hv8qfzksj8n12r3w-texlive-combined-full-2024-final-texmfdist/fonts/type1/public/cm-super/sfti1200.pfb></nix/store/lavaqw85ixs41sv6hv8qfzksj8n12r3w-texlive-combined-full-2024-final-texmfdist/fonts/type1/public/cm-super/sfti1728.pfb>
Output written on main.pdf (30 pages, 7418962 bytes).
PDF statistics:
 328 PDF objects out of 1000 (max. 8388607)
 261 compressed objects within 3 object streams
 118 named destinations out of 1000 (max. 500000)
 28 words of extra memory for PDF output out of 10000 (max. 10000000)

