\BOOKMARK [1][-]{section.2}{\376\377\0001\000\040\000I\000n\000t\000r\000o\000d\000u\000\347\000\343\000o}{}% 1
\BOOKMARK [2][-]{subsection.3}{\376\377\0001\000.\0001\000\040\000A\000\040\000O\000r\000g\000a\000n\000i\000z\000a\000\347\000\343\000o}{section.2}% 2
\BOOKMARK [2][-]{subsection.4}{\376\377\0001\000.\0002\000\040\000O\000\040\000p\000r\000o\000j\000e\000t\000o\000\040\000e\000\040\000s\000e\000u\000\040\000p\000r\000o\000p\000\363\000s\000i\000t\000o}{section.2}% 3
\BOOKMARK [2][-]{subsection.5}{\376\377\0001\000.\0003\000\040\000E\000q\000u\000i\000p\000e\000\040\000d\000o\000\040\000p\000r\000o\000j\000e\000t\000o}{section.2}% 4
\BOOKMARK [1][-]{section.7}{\376\377\0002\000\040\000C\000o\000n\000t\000e\000x\000t\000o\000\040\000d\000a\000\040\000u\000n\000i\000d\000a\000d\000e\000\040\000e\000m\000\040\000e\000s\000t\000u\000d\000o}{}% 5
\BOOKMARK [2][-]{subsection.8}{\376\377\0002\000.\0001\000\040\000H\000i\000s\000t\000\363\000r\000i\000c\000o\000\040\000d\000a\000\040\000u\000n\000i\000d\000a\000d\000e\000\040\000d\000e\000\040\000n\000e\000g\000\363\000c\000i\000o}{section.7}% 6
\BOOKMARK [2][-]{subsection.9}{\376\377\0002\000.\0002\000\040\000P\000r\000i\000n\000c\000i\000p\000a\000i\000s\000\040\000s\000t\000a\000k\000e\000h\000o\000l\000d\000e\000r\000s}{section.7}% 7
\BOOKMARK [2][-]{subsection.11}{\376\377\0002\000.\0003\000\040\000O\000b\000j\000e\000t\000i\000v\000o\000s\000\040\000d\000a\000\040\000u\000n\000i\000d\000a\000d\000e\000\040\000d\000e\000\040\000n\000e\000g\000\363\000c\000i\000o}{section.7}% 8
\BOOKMARK [2][-]{subsection.12}{\376\377\0002\000.\0004\000\040\000V\000a\000l\000o\000r\000e\000s\000\040\000d\000e\000\040\000N\000e\000g\000\363\000c\000i\000o}{section.7}% 9
\BOOKMARK [2][-]{subsection.14}{\376\377\0002\000.\0005\000\040\000S\000i\000s\000t\000e\000m\000a\000/\000s\000o\000l\000u\000\347\000\343\000o\000\040\000a\000t\000u\000a\000l\000m\000e\000n\000t\000e\000\040\000i\000m\000p\000l\000a\000n\000t\000a\000d\000o\000\050\000a\000\051}{section.7}% 10
\BOOKMARK [1][-]{section.15}{\376\377\0003\000\040\000A\000n\000\341\000l\000i\000s\000e\000\040\000d\000e\000\040\000e\000s\000t\000a\000d\000o\000s}{}% 11
\BOOKMARK [2][-]{subsection.16}{\376\377\0003\000.\0001\000\040\000E\000s\000t\000a\000d\000o\000\040\000A\000t\000u\000a\000l}{section.15}% 12
\BOOKMARK [3][-]{subsubsection.17}{\376\377\0003\000.\0001\000.\0001\000\040\000E\000s\000c\000o\000p\000o\000\040\000d\000o\000\040\000p\000r\000o\000c\000e\000s\000s\000o}{subsection.16}% 13
\BOOKMARK [3][-]{subsubsection.18}{\376\377\0003\000.\0001\000.\0002\000\040\000P\000r\000o\000c\000e\000s\000s\000o\000s\000\040\000-\000\040\000A\000s\000\040\000I\000s\000\040\000\050\000M\000o\000d\000e\000l\000a\000g\000e\000m\000\040\000d\000o\000s\000\040\000p\000r\000o\000c\000e\000s\000s\000o\000s\000\040\000a\000t\000u\000a\000l\000m\000e\000n\000t\000e\000\040\000i\000m\000p\000l\000e\000m\000e\000n\000t\000a\000d\000o\000s\000\051}{subsection.16}% 14
\BOOKMARK [3][-]{subsubsection.28}{\376\377\0003\000.\0001\000.\0003\000\040\000V\000a\000n\000t\000a\000g\000e\000n\000s\000:\000\040\000O\000\040\000q\000u\000e\000\040\000\351\000\040\000b\000o\000m\000?}{subsection.16}% 15
\BOOKMARK [3][-]{subsubsection.29}{\376\377\0003\000.\0001\000.\0004\000\040\000D\000e\000s\000a\000f\000i\000o\000s\000:\000\040\000O\000\040\000q\000u\000e\000\040\000p\000o\000d\000e\000\040\000m\000e\000l\000h\000o\000r\000a\000r\000?}{subsection.16}% 16
\BOOKMARK [3][-]{subsubsection.30}{\376\377\0003\000.\0001\000.\0005\000\040\000J\000u\000s\000t\000i\000f\000i\000c\000a\000t\000i\000v\000a}{subsection.16}% 17
\BOOKMARK [2][-]{subsection.31}{\376\377\0003\000.\0002\000\040\000E\000s\000t\000a\000d\000o\000\040\000D\000e\000s\000e\000j\000a\000d\000o}{section.15}% 18
\BOOKMARK [2][-]{subsection.32}{\376\377\0003\000.\0003\000\040\000A\000n\000\341\000l\000i\000s\000e\000\040\000d\000e\000\040\000G\000a\000p\000s}{section.15}% 19
\BOOKMARK [1][-]{section.45}{\376\377\0004\000\040\000C\000o\000n\000c\000l\000u\000s\000\365\000e\000s\000\040\000e\000\040\000C\000o\000n\000s\000i\000d\000e\000r\000a\000\347\000\365\000e\000s\000\040\000F\000i\000n\000a\000i\000s}{}% 20
\BOOKMARK [2][-]{subsection.55}{\376\377\0004\000.\0001\000\040\000R\000e\000s\000u\000l\000t\000a\000d\000o\000s\000\040\000e\000s\000p\000e\000r\000a\000d\000o\000s}{section.45}% 21
\BOOKMARK [1][-]{section.56}{\376\377\0005\000\040\000R\000e\000s\000u\000l\000t\000a\000d\000o\000s\000\040\000E\000s\000p\000e\000r\000a\000d\000o\000s}{}% 22
\BOOKMARK [2][-]{subsection.57}{\376\377\0005\000.\0001\000\040\0001\000.\000\040\000P\000r\000o\000c\000e\000s\000s\000o\000\040\000P\000a\000d\000r\000o\000n\000i\000z\000a\000d\000o\000\040\000e\000\040\000C\000e\000n\000t\000r\000a\000l\000i\000z\000a\000d\000o}{section.56}% 23
\BOOKMARK [2][-]{subsection.58}{\376\377\0005\000.\0002\000\040\0002\000.\000\040\000R\000e\000d\000u\000\347\000\343\000o\000\040\000d\000e\000\040\000R\000e\000t\000r\000a\000b\000a\000l\000h\000o\000\040\000e\000\040\000M\000a\000i\000o\000r\000\040\000P\000r\000e\000c\000i\000s\000\343\000o}{section.56}% 24
\BOOKMARK [2][-]{subsection.59}{\376\377\0005\000.\0003\000\040\0003\000.\000\040\000A\000g\000e\000n\000d\000a\000m\000e\000n\000t\000o\000\040\000\301\000g\000i\000l\000\040\000e\000\040\000A\000u\000t\000o\000m\000a\000t\000i\000z\000a\000d\000o}{section.56}% 25
\BOOKMARK [2][-]{subsection.60}{\376\377\0005\000.\0004\000\040\0004\000.\000\040\000R\000e\000l\000a\000t\000\363\000r\000i\000o\000s\000\040\000A\000u\000t\000o\000m\000a\000t\000i\000z\000a\000d\000o\000s\000\040\000e\000\040\000P\000a\000d\000r\000o\000n\000i\000z\000a\000d\000o\000s}{section.56}% 26
\BOOKMARK [2][-]{subsection.61}{\376\377\0005\000.\0005\000\040\0005\000.\000\040\000R\000e\000s\000p\000o\000s\000t\000a\000s\000\040\000R\000\341\000p\000i\000d\000a\000s\000\040\000a\000\040\000D\000\372\000v\000i\000d\000a\000s\000\040\000T\000\351\000c\000n\000i\000c\000a\000s}{section.56}% 27
\BOOKMARK [2][-]{subsection.62}{\376\377\0005\000.\0006\000\040\0006\000.\000\040\000G\000a\000n\000h\000o\000\040\000d\000e\000\040\000T\000e\000m\000p\000o\000\040\000e\000\040\000E\000f\000i\000c\000i\000\352\000n\000c\000i\000a}{section.56}% 28
\BOOKMARK [1][-]{section.63}{\376\377\0006\000\040\000P\000l\000a\000n\000o\000\040\000d\000e\000\040\000A\000\347\000\343\000o}{}% 29
\BOOKMARK [2][-]{subsection.64}{\376\377\0006\000.\0001\000\040\000V\000i\000s\000\343\000o\000\040\000g\000e\000r\000a\000l\000\040\000d\000a\000\040\000p\000r\000o\000p\000o\000s\000t\000a\000\040\000d\000e\000\040\000s\000o\000l\000u\000\347\000\343\000o}{section.63}% 30
\BOOKMARK [2][-]{subsection.71}{\376\377\0006\000.\0002\000\040\000E\000s\000t\000r\000a\000t\000\351\000g\000i\000a\000\040\000d\000e\000\040\000I\000m\000p\000l\000a\000n\000t\000a\000\347\000\343\000o}{section.63}% 31
\BOOKMARK [3][-]{subsubsection.72}{\376\377\0006\000.\0002\000.\0001\000\040\000A\000n\000\341\000l\000i\000s\000e\000\040\000S\000W\000O\000T}{subsection.71}% 32
\BOOKMARK [3][-]{subsubsection.77}{\376\377\0006\000.\0002\000.\0002\000\040\000E\000s\000t\000r\000a\000t\000\351\000g\000i\000a\000\040\000s\000e\000l\000e\000c\000i\000o\000n\000a\000d\000a}{subsection.71}% 33
\BOOKMARK [3][-]{subsubsection.83}{\376\377\0006\000.\0002\000.\0003\000\040\000I\000n\000f\000r\000a\000e\000s\000t\000r\000u\000t\000u\000r\000a\000\040\000n\000e\000c\000e\000s\000s\000\341\000r\000i\000a}{subsection.71}% 34
\BOOKMARK [3][-]{subsubsection.85}{\376\377\0006\000.\0002\000.\0004\000\040\000M\000e\000t\000o\000d\000o\000l\000o\000g\000i\000a\000\040\000d\000e\000\040\000t\000r\000a\000b\000a\000l\000h\000o}{subsection.71}% 35
\BOOKMARK [2][-]{subsection.92}{\376\377\0006\000.\0003\000\040\000D\000i\000m\000e\000n\000s\000i\000o\000n\000a\000m\000e\000n\000t\000o\000\040\000e\000\040\000P\000e\000r\000f\000i\000l\000\040\000d\000a\000\040\000E\000q\000u\000i\000p\000e\000\040\000p\000a\000r\000a\000\040\000a\000\040\000I\000m\000p\000l\000a\000n\000t\000a\000\347\000\343\000o\000\040\000d\000a\000\040\000M\000e\000l\000h\000o\000r\000i\000a}{section.63}% 36
\BOOKMARK [2][-]{subsection.94}{\376\377\0006\000.\0004\000\040\000C\000u\000s\000t\000o\000s\000\040\000A\000s\000s\000o\000c\000i\000a\000d\000o\000s\000\040\000\340\000\040\000I\000m\000p\000l\000a\000n\000t\000a\000\347\000\343\000o\000\040\000d\000a\000\040\000M\000e\000l\000h\000o\000r\000i\000a}{section.63}% 37
\BOOKMARK [2][-]{subsection.96}{\376\377\0006\000.\0005\000\040\000C\000r\000o\000n\000o\000g\000r\000a\000m\000a\000\040\000M\000a\000c\000r\000o}{section.63}% 38
\BOOKMARK [2][-]{subsection.99}{\376\377\0006\000.\0006\000\040\000P\000l\000a\000n\000o\000\040\000d\000e\000\040\000m\000e\000d\000i\000\347\000\365\000e\000s\000\040\000e\000\040\000a\000n\000\341\000l\000i\000s\000e}{section.63}% 39
\BOOKMARK [3][-]{subsubsection.100}{\376\377\0006\000.\0006\000.\0001\000\040\000I\000n\000d\000i\000c\000a\000d\000o\000r\000:\000\040\000T\000e\000m\000p\000o\000\040\000m\000\351\000d\000i\000o\000\040\000d\000e\000\040\000p\000r\000e\000e\000n\000c\000h\000i\000m\000e\000n\000t\000o\000\040\000d\000e\000\040\000f\000o\000r\000m\000u\000l\000\341\000r\000i\000o\000s}{subsection.99}% 40
\BOOKMARK [3][-]{subsubsection.101}{\376\377\0006\000.\0006\000.\0002\000\040\000I\000n\000d\000i\000c\000a\000d\000o\000r\000:\000\040\000T\000a\000x\000a\000\040\000d\000e\000\040\000p\000r\000e\000e\000n\000c\000h\000i\000m\000e\000n\000t\000o\000\040\000c\000o\000r\000r\000e\000t\000o\000\040\000n\000a\000\040\000p\000r\000i\000m\000e\000i\000r\000a\000\040\000t\000e\000n\000t\000a\000t\000i\000v\000a}{subsection.99}% 41
\BOOKMARK [3][-]{subsubsection.102}{\376\377\0006\000.\0006\000.\0003\000\040\000I\000n\000d\000i\000c\000a\000d\000o\000r\000:\000\040\000C\000o\000n\000s\000u\000l\000t\000a\000s\000\040\000b\000\341\000s\000i\000c\000a\000s\000\040\000d\000i\000r\000e\000c\000i\000o\000n\000a\000d\000a\000s\000\040\000\340\000\040\000e\000q\000u\000i\000p\000e\000\040\000t\000\351\000c\000n\000i\000c\000a}{subsection.99}% 42
\BOOKMARK [3][-]{subsubsection.103}{\376\377\0006\000.\0006\000.\0004\000\040\000I\000n\000d\000i\000c\000a\000d\000o\000r\000:\000\040\000D\000\372\000v\000i\000d\000a\000s\000\040\000a\000t\000e\000n\000d\000i\000d\000a\000s\000\040\000s\000e\000m\000\040\000i\000n\000t\000e\000r\000v\000e\000n\000\347\000\343\000o\000\040\000h\000u\000m\000a\000n\000a}{subsection.99}% 43
\BOOKMARK [3][-]{subsubsection.104}{\376\377\0006\000.\0006\000.\0005\000\040\000I\000n\000d\000i\000c\000a\000d\000o\000r\000:\000\040\000S\000a\000t\000i\000s\000f\000a\000\347\000\343\000o\000\040\000d\000o\000\040\000u\000s\000u\000\341\000r\000i\000o}{subsection.99}% 44
\BOOKMARK [3][-]{subsubsection.105}{\376\377\0006\000.\0006\000.\0006\000\040\000I\000n\000d\000i\000c\000a\000d\000o\000r\000:\000\040\000T\000e\000m\000p\000o\000\040\000d\000e\000\040\000r\000e\000s\000p\000o\000s\000t\000a\000\040\000p\000a\000r\000a\000\040\000s\000o\000l\000i\000c\000i\000t\000a\000\347\000\365\000e\000s}{subsection.99}% 45
\BOOKMARK [3][-]{subsubsection.106}{\376\377\0006\000.\0006\000.\0007\000\040\000I\000n\000d\000i\000c\000a\000d\000o\000r\000:\000\040\000V\000o\000l\000u\000m\000e\000\040\000d\000e\000\040\000d\000o\000c\000u\000m\000e\000n\000t\000a\000\347\000\343\000o\000\040\000d\000i\000g\000i\000t\000a\000l\000\040\000v\000s\000.\000\040\000p\000a\000p\000e\000l}{subsection.99}% 46
\BOOKMARK [1][-]{section.107}{\376\377\0007\000\040\000I\000n\000d\000i\000c\000a\000d\000o\000r\000e\000s\000\040\000G\000P\000N}{}% 47
\BOOKMARK [1][-]{section.109}{\376\377\0008\000\040\000C\000o\000n\000c\000l\000u\000s\000\365\000e\000s\000\040\000e\000\040\000C\000o\000n\000s\000i\000d\000e\000r\000a\000\347\000\365\000e\000s\000\040\000F\000i\000n\000a\000i\000s}{}% 48
